#
# There is insufficient memory for the Java Runtime Environment to continue.
# Native memory allocation (mmap) failed to map 65011712 bytes for G1 virtual space
# Possible reasons:
#   The system is out of physical RAM or swap space
#   The process is running with CompressedOops enabled, and the Java Heap may be blocking the growth of the native heap
# Possible solutions:
#   Reduce memory load on the system
#   Increase physical memory or swap space
#   Check if swap backing store is full
#   Decrease Java heap size (-Xmx/-Xms)
#   Decrease number of Java threads
#   Decrease Java thread stack sizes (-Xss)
#   Set larger code cache with -XX:ReservedCodeCacheSize=
#   JVM is running with Unscaled Compressed Oops mode in which the Java heap is
#     placed in the first 4GB address space. The Java Heap base address is the
#     maximum limit for the native heap growth. Please use -XX:HeapBaseMinAddress
#     to set the Java Heap base and to place the Java Heap above 4GB virtual address.
# This output file may be truncated or incomplete.
#
#  Out of Memory Error (os_windows.cpp:3552), pid=10564, tid=12460
#
# JRE version:  (17.0.9+11) (build )
# Java VM: Java HotSpot(TM) 64-Bit Server VM (17.0.9+11-LTS-201, mixed mode, sharing, tiered, compressed oops, compressed class ptrs, g1 gc, windows-amd64)
# No core dump will be written. Minidumps are not enabled by default on client versions of Windows
#

---------------  S U M M A R Y ------------

Command Line: -DwatchParentProcess=false -XX:+ExitOnOutOfMemoryError -XX:+HeapDumpOnOutOfMemoryError -XX:HeapDumpPath=c:\Users\Abdul Baasit\AppData\Roaming\Code\User\globalStorage\redhat.vscode-xml -Xmx64M org.eclipse.lemminx.XMLServerLauncher

Host: Intel(R) Celeron(R) N4020 CPU @ 1.10GHz, 2 cores, 3G,  Windows 11 , 64 bit Build 22621 (10.0.22621.2506)
Time: Thu Nov 30 15:11:28 2023 India Standard Time elapsed time: 0.205233 seconds (0d 0h 0m 0s)

---------------  T H R E A D  ---------------

Current thread (0x0000021acf80a710):  JavaThread "Unknown thread" [_thread_in_vm, id=12460, stack(0x00000035a4b00000,0x00000035a4c00000)]

Stack: [0x00000035a4b00000,0x00000035a4c00000]
Native frames: (J=compiled Java code, j=interpreted, Vv=VM code, C=native code)
V  [jvm.dll+0x678a4a]
V  [jvm.dll+0x7d9cfd]
V  [jvm.dll+0x7db60e]
V  [jvm.dll+0x7dbc73]
V  [jvm.dll+0x245e1f]
V  [jvm.dll+0x6758f9]
V  [jvm.dll+0x66a2a2]
V  [jvm.dll+0x303686]
V  [jvm.dll+0x30ac06]
V  [jvm.dll+0x35a48e]
V  [jvm.dll+0x35a6bf]
V  [jvm.dll+0x2da678]
V  [jvm.dll+0x2db5e4]
V  [jvm.dll+0x7ab6b1]
V  [jvm.dll+0x368041]
V  [jvm.dll+0x78a749]
V  [jvm.dll+0x3ebd4f]
V  [jvm.dll+0x3ed7d1]
C  [jli.dll+0x5297]
C  [ucrtbase.dll+0x29363]
C  [KERNEL32.DLL+0x1257d]
C  [ntdll.dll+0x5aa58]


---------------  P R O C E S S  ---------------

Threads class SMR info:
_java_thread_list=0x00007ff94f1589d8, length=0, elements={
}

Java Threads: ( => current thread )

Other Threads:
  0x0000021acf82af70 GCTaskThread "GC Thread#0" [stack: 0x00000035a4d00000,0x00000035a4e00000] [id=10616]
  0x0000021acf82c6c0 ConcurrentGCThread "G1 Main Marker" [stack: 0x00000035a4e00000,0x00000035a4f00000] [id=5964]
  0x0000021acf82d0d0 ConcurrentGCThread "G1 Conc#0" [stack: 0x0000000000000000,0x0000000000000000] [id=10440]

[error occurred during error reporting (printing all threads), id 0xc0000005, EXCEPTION_ACCESS_VIOLATION (0xc0000005) at pc=0x00007ff94e98b2d7]

VM state: not at safepoint (not fully initialized)

VM Mutex/Monitor currently owned by a thread:  ([mutex/lock_event])
[0x0000021acd61c690] Heap_lock - owner thread: 0x0000021acf80a710

Heap address: 0x00000000fc000000, size: 64 MB, Compressed Oops mode: 32-bit

CDS archive(s) mapped at: [0x0000000000000000-0x0000000000000000-0x0000000000000000), size 0, SharedBaseAddress: 0x0000000800000000, ArchiveRelocationMode: 1.
Narrow klass base: 0x0000000000000000, Narrow klass shift: 0, Narrow klass range: 0x0

GC Precious Log:
<Empty>

Heap:
 garbage-first heap   total 0K, used 0K [0x00000000fc000000, 0x0000000100000000)
  region size 1024K, 0 young (0K), 0 survivors (0K)

[error occurred during error reporting (printing heap information), id 0xc0000005, EXCEPTION_ACCESS_VIOLATION (0xc0000005) at pc=0x00007ff94ed72229]

GC Heap History (0 events):
No events

Deoptimization events (0 events):
No events

Classes unloaded (0 events):
No events

Classes redefined (0 events):
No events

Internal exceptions (0 events):
No events

VM Operations (0 events):
No events

Events (1 events):
Event: 0.191 Loaded shared library C:\Program Files\Java\jdk-17\bin\java.dll


Dynamic libraries:
0x00007ff7c4690000 - 0x00007ff7c46a0000 	C:\Program Files\Java\jdk-17\bin\java.exe
0x00007ff9d8d70000 - 0x00007ff9d8f87000 	C:\WINDOWS\SYSTEM32\ntdll.dll
0x00007ff9d74d0000 - 0x00007ff9d7594000 	C:\WINDOWS\System32\KERNEL32.DLL
0x00007ff9d6530000 - 0x00007ff9d68d5000 	C:\WINDOWS\System32\KERNELBASE.dll
0x00007ff9d62a0000 - 0x00007ff9d63b1000 	C:\WINDOWS\System32\ucrtbase.dll
0x00007ff9cf3f0000 - 0x00007ff9cf409000 	C:\Program Files\Java\jdk-17\bin\jli.dll
0x00007ff9d70d0000 - 0x00007ff9d7181000 	C:\WINDOWS\System32\ADVAPI32.dll
0x00007ff9d88f0000 - 0x00007ff9d8997000 	C:\WINDOWS\System32\msvcrt.dll
0x00007ff9d7260000 - 0x00007ff9d7306000 	C:\WINDOWS\System32\sechost.dll
0x00007ff9d77b0000 - 0x00007ff9d78c7000 	C:\WINDOWS\System32\RPCRT4.dll
0x00007ff9d79f0000 - 0x00007ff9d7b9e000 	C:\WINDOWS\System32\USER32.dll
0x00007ff9d6440000 - 0x00007ff9d6466000 	C:\WINDOWS\System32\win32u.dll
0x00007ff9d7230000 - 0x00007ff9d7259000 	C:\WINDOWS\System32\GDI32.dll
0x00007ff9d60e0000 - 0x00007ff9d61f9000 	C:\WINDOWS\System32\gdi32full.dll
0x00007ff9d6200000 - 0x00007ff9d629a000 	C:\WINDOWS\System32\msvcp_win.dll
0x00007ff9d0610000 - 0x00007ff9d062b000 	C:\Program Files\Java\jdk-17\bin\VCRUNTIME140.dll
0x00007ff9be390000 - 0x00007ff9be623000 	C:\WINDOWS\WinSxS\amd64_microsoft.windows.common-controls_6595b64144ccf1df_6.0.22621.2506_none_270c5ae97388e100\COMCTL32.dll
0x00007ff9c7940000 - 0x00007ff9c794a000 	C:\WINDOWS\SYSTEM32\VERSION.dll
0x00007ff9d7630000 - 0x00007ff9d7661000 	C:\WINDOWS\System32\IMM32.DLL
0x00007ff9d2f20000 - 0x00007ff9d2f2c000 	C:\Program Files\Java\jdk-17\bin\vcruntime140_1.dll
0x00007ff9ab430000 - 0x00007ff9ab4be000 	C:\Program Files\Java\jdk-17\bin\msvcp140.dll
0x00007ff94e6a0000 - 0x00007ff94f281000 	C:\Program Files\Java\jdk-17\bin\server\jvm.dll
0x00007ff9d7c90000 - 0x00007ff9d7c98000 	C:\WINDOWS\System32\PSAPI.DLL
0x00007ff9d2ec0000 - 0x00007ff9d2ec9000 	C:\WINDOWS\SYSTEM32\WSOCK32.dll
0x00007ff9d7190000 - 0x00007ff9d7201000 	C:\WINDOWS\System32\WS2_32.dll
0x00007ff9cff00000 - 0x00007ff9cff34000 	C:\WINDOWS\SYSTEM32\WINMM.dll
0x00007ff9d5080000 - 0x00007ff9d5098000 	C:\WINDOWS\SYSTEM32\kernel.appcore.dll
0x00007ff9cf3e0000 - 0x00007ff9cf3ea000 	C:\Program Files\Java\jdk-17\bin\jimage.dll
0x00007ff9d39b0000 - 0x00007ff9d3be3000 	C:\WINDOWS\SYSTEM32\DBGHELP.DLL
0x00007ff9d89a0000 - 0x00007ff9d8d29000 	C:\WINDOWS\System32\combase.dll
0x00007ff9d7680000 - 0x00007ff9d7757000 	C:\WINDOWS\System32\OLEAUT32.dll
0x00007ff9b7700000 - 0x00007ff9b7732000 	C:\WINDOWS\SYSTEM32\dbgcore.DLL
0x00007ff9d63c0000 - 0x00007ff9d643a000 	C:\WINDOWS\System32\bcryptPrimitives.dll
0x00007ff9c0210000 - 0x00007ff9c0235000 	C:\Program Files\Java\jdk-17\bin\java.dll

dbghelp: loaded successfully - version: 4.0.5 - missing functions: none
symbol engine: initialized successfully - sym options: 0x614 - pdb path: .;C:\Program Files\Java\jdk-17\bin;C:\WINDOWS\SYSTEM32;C:\WINDOWS\WinSxS\amd64_microsoft.windows.common-controls_6595b64144ccf1df_6.0.22621.2506_none_270c5ae97388e100;C:\Program Files\Java\jdk-17\bin\server

VM Arguments:
jvm_args: -DwatchParentProcess=false -XX:+ExitOnOutOfMemoryError -XX:+HeapDumpOnOutOfMemoryError -XX:HeapDumpPath=c:\Users\Abdul Baasit\AppData\Roaming\Code\User\globalStorage\redhat.vscode-xml -Xmx64M 
java_command: org.eclipse.lemminx.XMLServerLauncher
java_class_path (initial): c:\Users\Abdul Baasit\.vscode\extensions\redhat.vscode-xml-0.26.1-win32-x64\server\org.eclipse.lemminx-0.26.1-uber.jar
Launcher Type: SUN_STANDARD

[Global flags]
     intx CICompilerCount                          = 2                                         {product} {ergonomic}
     uint ConcGCThreads                            = 1                                         {product} {ergonomic}
     bool ExitOnOutOfMemoryError                   = true                                      {product} {command line}
     uint G1ConcRefinementThreads                  = 2                                         {product} {ergonomic}
   size_t G1HeapRegionSize                         = 1048576                                   {product} {ergonomic}
    uintx GCDrainStackTargetSize                   = 64                                        {product} {ergonomic}
     bool HeapDumpOnOutOfMemoryError               = true                                   {manageable} {command line}
    ccstr HeapDumpPath                             = c:\Users\Abdul Baasit\AppData\Roaming\Code\User\globalStorage\redhat.vscode-xml         {manageable} {command line}
   size_t InitialHeapSize                          = 65011712                                  {product} {ergonomic}
   size_t MarkStackSize                            = 4194304                                   {product} {ergonomic}
   size_t MaxHeapSize                              = 67108864                                  {product} {command line}
   size_t MinHeapDeltaBytes                        = 1048576                                   {product} {ergonomic}
   size_t MinHeapSize                              = 8388608                                   {product} {ergonomic}
    uintx NonNMethodCodeHeapSize                   = 5826188                                {pd product} {ergonomic}
    uintx NonProfiledCodeHeapSize                  = 122916026                              {pd product} {ergonomic}
    uintx ProfiledCodeHeapSize                     = 122916026                              {pd product} {ergonomic}
    uintx ReservedCodeCacheSize                    = 251658240                              {pd product} {ergonomic}
     bool SegmentedCodeCache                       = true                                      {product} {ergonomic}
   size_t SoftMaxHeapSize                          = 67108864                               {manageable} {ergonomic}
     bool UseCompressedClassPointers               = true                           {product lp64_product} {ergonomic}
     bool UseCompressedOops                        = true                           {product lp64_product} {ergonomic}
     bool UseG1GC                                  = true                                      {product} {ergonomic}
     bool UseLargePagesIndividualAllocation        = false                                  {pd product} {ergonomic}

Logging:
Log output configuration:
 #0: stdout all=warning uptime,level,tags
 #1: stderr all=off uptime,level,tags

Environment Variables:
JAVA_HOME=C:\Program Files\Java\jdk-17
PATH=C:\Program Files\Common Files\Oracle\Java\javapath;C:\WINDOWS\system32;C:\WINDOWS;C:\WINDOWS\System32\Wbem;C:\WINDOWS\System32\WindowsPowerShell\v1.0\;C:\WINDOWS\System32\OpenSSH\;C:\Program Files\nodejs\;C:\Program Files\Git\cmd;C:\xampp\php;C:\ProgramData\ComposerSetup\bin;C:\Program Files\Microsoft SQL Server\150\Tools\Binn\;D:\commandlinetools-win\cmdline-tools\platform-tools-3;D:\commandlinetools-win\cmdline-tools\platforms;D:\flutter\flutter\bin;C:\Program Files\Microsoft SQL Server\Client SDK\ODBC\170\Tools\Binn\;C:\Program Files\dotnet\;C:\Program Files\Java\jdk-17\bin;C:\Users\Abdul Baasit\AppData\Local\Programs\Python\Python311\Scripts\;C:\Users\Abdul Baasit\AppData\Local\Programs\Python\Python311\;C:\Users\Abdul Baasit\AppData\Local\Microsoft\WindowsApps;C:\Users\Abdul Baasit\AppData\Roaming\npm;C:\Program Files\Azure Data Studio\bin;C:\Users\Abdul Baasit\AppData\Roaming\Composer\vendor\bin;C:\Program Files\fastn;C:\Users\Abdul Baasit\.dotnet\tools;C:\Users\Abdul Baasit\AppData\Local\sf\client\bin;C:\Program Files\Java\jdk-17\bin;C:\Users\Abdul Baasit\newvscode\bin;
USERNAME=Abdul Baasit
OS=Windows_NT
PROCESSOR_IDENTIFIER=Intel64 Family 6 Model 122 Stepping 8, GenuineIntel



---------------  S Y S T E M  ---------------

OS:
 Windows 11 , 64 bit Build 22621 (10.0.22621.2506)
OS uptime: 0 days 8:02 hours

CPU: total 2 (initial active 2) (2 cores per cpu, 1 threads per core) family 6 model 122 stepping 8 microcode 0x18, cx8, cmov, fxsr, mmx, 3dnowpref, sse, sse2, sse3, ssse3, sse4.1, sse4.2, popcnt, tsc, tscinvbit, aes, erms, clmul, sha, clflush, clflushopt

Memory: 4k page, system-wide physical 3902M (313M free)
TotalPageFile size 7630M (AvailPageFile size 45M)
current process WorkingSet (physical memory assigned to process): 10M, peak: 10M
current process commit charge ("private bytes"): 47M, peak: 109M

vm_info: Java HotSpot(TM) 64-Bit Server VM (17.0.9+11-LTS-201) for windows-amd64 JRE (17.0.9+11-LTS-201), built on Oct 10 2023 23:16:06 by "mach5one" with MS VC++ 17.1 (VS2022)

END.
